.text
3c090000 --00000008 lui $t1,HI(ADDR(value))
35290000 --0000000c ori $t1,$t1,LO(ADDR(value))
8d2a0000 --00000010 lw    $t2, 0($t1)    
01405820 --00000014 add   $t3, $t2, $0   
20090001 --00000018 addi  $t1, $0, 1
01495022 --0000001c sub   $t2, $t2, $t1  
19400007 --00000020 blez  $t2, exit
00000000 --00000024 nop
016a0018 --00000028 mult  $t3, $t2
00005812 --0000002c MFLO  $t3
01495022 --00000030 sub   $t2, $t2, $t1  
19400002 --00000034 blez  $t2, exit
00000000 --00000038 nop
1000fffa --0000003c beq $0,$0,loop
00000000 --00000040 nop
.data
00000009 --00000000
.globl
00000008 --main
.rel_data
value --00000008, ++5 --0000000c, ++6
--symbols--
1 00000040 exit
1 00000028 loop
1 00000008 main
0 00000000 value
